<?xml version="1.0" encoding="UTF-8"?>
<testng-results ignored="0" total="7" passed="7" failed="0" skipped="0">
  <reporter-output>
  </reporter-output>
  <suite started-at="2021-12-14T14:53:39 IST" name="Suite" finished-at="2021-12-14T14:54:45 IST" duration-ms="65884">
    <groups>
    </groups>
    <test started-at="2021-12-14T14:53:39 IST" name="Test" finished-at="2021-12-14T14:54:45 IST" duration-ms="65884">
      <class name="addTestng.NewTest">
        <test-method signature="sys()[pri:0, instance:addTestng.NewTest@4bb33f74]" started-at="2021-12-14T14:54:20 IST" name="sys" finished-at="2021-12-14T14:54:36 IST" duration-ms="15892" status="PASS">
          <reporter-output>
          </reporter-output>
        </test-method> <!-- sys -->
        <test-method signature="login()[pri:1, instance:addTestng.NewTest@4bb33f74]" started-at="2021-12-14T14:54:36 IST" name="login" finished-at="2021-12-14T14:54:41 IST" duration-ms="5236" status="PASS">
          <reporter-output>
          </reporter-output>
        </test-method> <!-- login -->
        <test-method signature="myAccount()[pri:2, instance:addTestng.NewTest@4bb33f74]" started-at="2021-12-14T14:54:41 IST" name="myAccount" finished-at="2021-12-14T14:54:45 IST" duration-ms="4313" status="PASS">
          <reporter-output>
          </reporter-output>
        </test-method> <!-- myAccount -->
      </class> <!-- addTestng.NewTest -->
      <class name="addTestng.endToend">
        <test-method is-config="true" signature="beforeSuite()[pri:0, instance:addTestng.endToend@10feca44]" started-at="2021-12-14T14:53:21 IST" name="beforeSuite" finished-at="2021-12-14T14:53:39 IST" duration-ms="18459" status="PASS">
          <reporter-output>
          </reporter-output>
        </test-method> <!-- beforeSuite -->
        <test-method signature="reg()[pri:1, instance:addTestng.endToend@10feca44]" started-at="2021-12-14T14:53:40 IST" name="reg" finished-at="2021-12-14T14:53:47 IST" duration-ms="7900" status="PASS">
          <reporter-output>
          </reporter-output>
        </test-method> <!-- reg -->
        <test-method signature="purchase()[pri:2, instance:addTestng.endToend@10feca44]" started-at="2021-12-14T14:53:47 IST" name="purchase" finished-at="2021-12-14T14:54:08 IST" duration-ms="20482" status="PASS">
          <reporter-output>
          </reporter-output>
        </test-method> <!-- purchase -->
        <test-method signature="fillDetails()[pri:3, instance:addTestng.endToend@10feca44]" started-at="2021-12-14T14:54:08 IST" name="fillDetails" finished-at="2021-12-14T14:54:16 IST" duration-ms="7615" status="PASS">
          <reporter-output>
          </reporter-output>
        </test-method> <!-- fillDetails -->
        <test-method signature="takeScreenShot()[pri:4, instance:addTestng.endToend@10feca44]" started-at="2021-12-14T14:54:16 IST" name="takeScreenShot" finished-at="2021-12-14T14:54:20 IST" duration-ms="4311" status="PASS">
          <reporter-output>
          </reporter-output>
        </test-method> <!-- takeScreenShot -->
        <test-method is-config="true" signature="afterSuite()[pri:0, instance:addTestng.endToend@10feca44]" started-at="2021-12-14T14:54:45 IST" name="afterSuite" finished-at="2021-12-14T14:54:47 IST" duration-ms="1817" status="PASS">
          <reporter-output>
          </reporter-output>
        </test-method> <!-- afterSuite -->
      </class> <!-- addTestng.endToend -->
    </test> <!-- Test -->
  </suite> <!-- Suite -->
</testng-results>
