<?xml version="1.0" encoding="UTF-8"?>
<!-- Generated by org.testng.reporters.JUnitXMLReporter -->
<testsuite ignored="0" hostname="LTCJ395" failures="0" tests="7" name="Test" time="65.884" errors="0" timestamp="2021-12-14T14:54:45 IST">
  <testcase classname="addTestng.endToend" name="reg" time="7.9"/>
  <testcase classname="addTestng.endToend" name="purchase" time="20.482"/>
  <testcase classname="addTestng.endToend" name="fillDetails" time="7.615"/>
  <testcase classname="addTestng.endToend" name="takeScreenShot" time="4.311"/>
  <testcase classname="addTestng.NewTest" name="sys" time="15.892"/>
  <testcase classname="addTestng.NewTest" name="login" time="5.236"/>
  <testcase classname="addTestng.NewTest" name="myAccount" time="4.313"/>
</testsuite> <!-- Test -->
